<?xml version="1.0" encoding="UTF-8"?>
<testsuite name="com.epubaudioreader.core.data.repository.mapper.ChapterMapperTest" tests="3" skipped="0" failures="0" errors="0" timestamp="2026-06-23T21:36:02" hostname="codespaces-d91c62" time="0.012">
  <properties/>
  <testcase name="toEntity preserves non-zero id" classname="com.epubaudioreader.core.data.repository.mapper.ChapterMapperTest" time="0.008"/>
  <testcase name="toEntity resets id when zero" classname="com.epubaudioreader.core.data.repository.mapper.ChapterMapperTest" time="0.001"/>
  <testcase name="toDomain maps all fields correctly" classname="com.epubaudioreader.core.data.repository.mapper.ChapterMapperTest" time="0.0"/>
  <system-out><![CDATA[]]></system-out>
  <system-err><![CDATA[]]></system-err>
</testsuite>
